0 verbose cli /usr/bin/node /usr/bin/npm
1 info using npm@9.2.0
2 info using node@v18.19.0
3 timing npm:load:whichnode Completed in 0ms
4 timing config:load:defaults Completed in 1ms
5 timing config:load:file:/usr/share/nodejs/npm/npmrc Completed in 1ms
6 timing config:load:builtin Completed in 1ms
7 timing config:load:cli Completed in 1ms
8 timing config:load:env Completed in 0ms
9 timing config:load:file:/var/www/nova-components/WelcomePage/.npmrc Completed in 0ms
10 timing config:load:project Completed in 2ms
11 timing config:load:file:/var/www/.npmrc Completed in 0ms
12 timing config:load:user Completed in 0ms
13 timing config:load:file:/etc/npmrc Completed in 0ms
14 timing config:load:global Completed in 0ms
15 timing config:load:setEnvs Completed in 0ms
16 timing config:load Completed in 6ms
17 timing npm:load:configload Completed in 6ms
18 timing npm:load:mkdirpcache Completed in 0ms
19 timing npm:load:mkdirplogs Completed in 0ms
20 verbose title npm install
21 verbose argv "install"
22 timing npm:load:setTitle Completed in 1ms
23 timing config:load:flatten Completed in 1ms
24 timing npm:load:display Completed in 1ms
25 verbose logfile logs-max:10 dir:/var/www/.npm/_logs/2025-06-28T17_13_36_956Z-
26 verbose logfile /var/www/.npm/_logs/2025-06-28T17_13_36_956Z-debug-0.log
27 timing npm:load:logFile Completed in 3ms
28 timing npm:load:timers Completed in 0ms
29 timing npm:load:configScope Completed in 0ms
30 timing npm:load Completed in 13ms
31 silly logfile done cleaning log files
32 timing config:load:flatten Completed in 0ms
33 timing arborist:ctor Completed in 1ms
34 timing idealTree:init Completed in 168ms
35 timing idealTree:userRequests Completed in 1ms
36 silly idealTree buildDeps
37 timing idealTree:#root Completed in 0ms
38 timing idealTree:buildDeps Completed in 0ms
39 timing idealTree:fixDepFlags Completed in 1ms
40 timing idealTree Completed in 173ms
41 timing arborist:ctor Completed in 0ms
42 timing reify:loadTrees Completed in 318ms
43 timing reify:diffTrees Completed in 9ms
44 silly reify moves {}
45 timing reify:retireShallow Completed in 1ms
46 timing reify:createSparse Completed in 0ms
47 timing reify:loadBundles Completed in 0ms
48 silly audit bulk request {
48 silly audit   '@alloc/quick-lru': [ '5.2.0' ],
48 silly audit   '@ampproject/remapping': [ '2.3.0' ],
48 silly audit   '@babel/code-frame': [ '7.27.1' ],
48 silly audit   '@babel/compat-data': [ '7.27.7' ],
48 silly audit   '@babel/core': [ '7.27.7' ],
48 silly audit   semver: [ '6.3.1', '7.7.2' ],
48 silly audit   '@babel/generator': [ '7.27.5' ],
48 silly audit   '@babel/helper-annotate-as-pure': [ '7.27.3' ],
48 silly audit   '@babel/helper-compilation-targets': [ '7.27.2' ],
48 silly audit   '@babel/helper-create-class-features-plugin': [ '7.27.1' ],
48 silly audit   '@babel/helper-create-regexp-features-plugin': [ '7.27.1' ],
48 silly audit   '@babel/helper-define-polyfill-provider': [ '0.6.5' ],
48 silly audit   '@babel/helper-member-expression-to-functions': [ '7.27.1' ],
48 silly audit   '@babel/helper-module-imports': [ '7.27.1' ],
48 silly audit   '@babel/helper-module-transforms': [ '7.27.3' ],
48 silly audit   '@babel/helper-optimise-call-expression': [ '7.27.1' ],
48 silly audit   '@babel/helper-plugin-utils': [ '7.27.1' ],
48 silly audit   '@babel/helper-remap-async-to-generator': [ '7.27.1' ],
48 silly audit   '@babel/helper-replace-supers': [ '7.27.1' ],
48 silly audit   '@babel/helper-skip-transparent-expression-wrappers': [ '7.27.1' ],
48 silly audit   '@babel/helper-string-parser': [ '7.27.1' ],
48 silly audit   '@babel/helper-validator-identifier': [ '7.27.1' ],
48 silly audit   '@babel/helper-validator-option': [ '7.27.1' ],
48 silly audit   '@babel/helper-wrap-function': [ '7.27.1' ],
48 silly audit   '@babel/helpers': [ '7.27.6' ],
48 silly audit   '@babel/parser': [ '7.27.7' ],
48 silly audit   '@babel/plugin-bugfix-firefox-class-in-computed-class-key': [ '7.27.1' ],
48 silly audit   '@babel/plugin-bugfix-safari-class-field-initializer-scope': [ '7.27.1' ],
48 silly audit   '@babel/plugin-bugfix-safari-id-destructuring-collision-in-function-expression': [ '7.27.1' ],
48 silly audit   '@babel/plugin-bugfix-v8-spread-parameters-in-optional-chaining': [ '7.27.1' ],
48 silly audit   '@babel/plugin-bugfix-v8-static-class-fields-redefine-readonly': [ '7.27.1' ],
48 silly audit   '@babel/plugin-proposal-object-rest-spread': [ '7.20.7' ],
48 silly audit   '@babel/plugin-proposal-private-property-in-object': [ '7.21.0-placeholder-for-preset-env.2' ],
48 silly audit   '@babel/plugin-syntax-dynamic-import': [ '7.8.3' ],
48 silly audit   '@babel/plugin-syntax-import-assertions': [ '7.27.1' ],
48 silly audit   '@babel/plugin-syntax-import-attributes': [ '7.27.1' ],
48 silly audit   '@babel/plugin-syntax-object-rest-spread': [ '7.8.3' ],
48 silly audit   '@babel/plugin-syntax-unicode-sets-regex': [ '7.18.6' ],
48 silly audit   '@babel/plugin-transform-arrow-functions': [ '7.27.1' ],
48 silly audit   '@babel/plugin-transform-async-generator-functions': [ '7.27.1' ],
48 silly audit   '@babel/plugin-transform-async-to-generator': [ '7.27.1' ],
48 silly audit   '@babel/plugin-transform-block-scoped-functions': [ '7.27.1' ],
48 silly audit   '@babel/plugin-transform-block-scoping': [ '7.27.5' ],
48 silly audit   '@babel/plugin-transform-class-properties': [ '7.27.1' ],
48 silly audit   '@babel/plugin-transform-class-static-block': [ '7.27.1' ],
48 silly audit   '@babel/plugin-transform-classes': [ '7.27.7' ],
48 silly audit   '@babel/plugin-transform-computed-properties': [ '7.27.1' ],
48 silly audit   '@babel/plugin-transform-destructuring': [ '7.27.7' ],
48 silly audit   '@babel/plugin-transform-dotall-regex': [ '7.27.1' ],
48 silly audit   '@babel/plugin-transform-duplicate-keys': [ '7.27.1' ],
48 silly audit   '@babel/plugin-transform-duplicate-named-capturing-groups-regex': [ '7.27.1' ],
48 silly audit   '@babel/plugin-transform-dynamic-import': [ '7.27.1' ],
48 silly audit   '@babel/plugin-transform-exponentiation-operator': [ '7.27.1' ],
48 silly audit   '@babel/plugin-transform-export-namespace-from': [ '7.27.1' ],
48 silly audit   '@babel/plugin-transform-for-of': [ '7.27.1' ],
48 silly audit   '@babel/plugin-transform-function-name': [ '7.27.1' ],
48 silly audit   '@babel/plugin-transform-json-strings': [ '7.27.1' ],
48 silly audit   '@babel/plugin-transform-literals': [ '7.27.1' ],
48 silly audit   '@babel/plugin-transform-logical-assignment-operators': [ '7.27.1' ],
48 silly audit   '@babel/plugin-transform-member-expression-literals': [ '7.27.1' ],
48 silly audit   '@babel/plugin-transform-modules-amd': [ '7.27.1' ],
48 silly audit   '@babel/plugin-transform-modules-commonjs': [ '7.27.1' ],
48 silly audit   '@babel/plugin-transform-modules-systemjs': [ '7.27.1' ],
48 silly audit   '@babel/plugin-transform-modules-umd': [ '7.27.1' ],
48 silly audit   '@babel/plugin-transform-named-capturing-groups-regex': [ '7.27.1' ],
48 silly audit   '@babel/plugin-transform-new-target': [ '7.27.1' ],
48 silly audit   '@babel/plugin-transform-nullish-coalescing-operator': [ '7.27.1' ],
48 silly audit   '@babel/plugin-transform-numeric-separator': [ '7.27.1' ],
48 silly audit   '@babel/plugin-transform-object-rest-spread': [ '7.27.7' ],
48 silly audit   '@babel/plugin-transform-object-super': [ '7.27.1' ],
48 silly audit   '@babel/plugin-transform-optional-catch-binding': [ '7.27.1' ],
48 silly audit   '@babel/plugin-transform-optional-chaining': [ '7.27.1' ],
48 silly audit   '@babel/plugin-transform-parameters': [ '7.27.7' ],
48 silly audit   '@babel/plugin-transform-private-methods': [ '7.27.1' ],
48 silly audit   '@babel/plugin-transform-private-property-in-object': [ '7.27.1' ],
48 silly audit   '@babel/plugin-transform-property-literals': [ '7.27.1' ],
48 silly audit   '@babel/plugin-transform-regenerator': [ '7.27.5' ],
48 silly audit   '@babel/plugin-transform-regexp-modifiers': [ '7.27.1' ],
48 silly audit   '@babel/plugin-transform-reserved-words': [ '7.27.1' ],
48 silly audit   '@babel/plugin-transform-runtime': [ '7.27.4' ],
48 silly audit   '@babel/plugin-transform-shorthand-properties': [ '7.27.1' ],
48 silly audit   '@babel/plugin-transform-spread': [ '7.27.1' ],
48 silly audit   '@babel/plugin-transform-sticky-regex': [ '7.27.1' ],
48 silly audit   '@babel/plugin-transform-template-literals': [ '7.27.1' ],
48 silly audit   '@babel/plugin-transform-typeof-symbol': [ '7.27.1' ],
48 silly audit   '@babel/plugin-transform-unicode-escapes': [ '7.27.1' ],
48 silly audit   '@babel/plugin-transform-unicode-property-regex': [ '7.27.1' ],
48 silly audit   '@babel/plugin-transform-unicode-regex': [ '7.27.1' ],
48 silly audit   '@babel/plugin-transform-unicode-sets-regex': [ '7.27.1' ],
48 silly audit   '@babel/preset-env': [ '7.27.2' ],
48 silly audit   '@babel/preset-modules': [ '0.1.6-no-external-plugins' ],
48 silly audit   '@babel/runtime': [ '7.27.6' ],
48 silly audit   '@babel/template': [ '7.27.2' ],
48 silly audit   '@babel/traverse': [ '7.27.7' ],
48 silly audit   '@babel/types': [ '7.27.7' ],
48 silly audit   '@colors/colors': [ '1.5.0' ],
48 silly audit   '@discoveryjs/json-ext': [ '0.5.7' ],
48 silly audit   '@inertiajs/core': [ '2.0.14' ],
48 silly audit   '@inertiajs/vue3': [ '2.0.14' ],
48 silly audit   '@isaacs/cliui': [ '8.0.2' ],
48 silly audit   'ansi-regex': [ '6.1.0', '5.0.1' ],
48 silly audit   'ansi-styles': [ '6.2.1', '4.3.0' ],
48 silly audit   'emoji-regex': [ '9.2.2', '8.0.0' ],
48 silly audit   'string-width': [ '5.1.2', '4.2.3' ],
48 silly audit   'strip-ansi': [ '7.1.0', '6.0.1' ],
48 silly audit   'wrap-ansi': [ '8.1.0', '7.0.0' ],
48 silly audit   '@jridgewell/gen-mapping': [ '0.3.8' ],
48 silly audit   '@jridgewell/resolve-uri': [ '3.1.2' ],
48 silly audit   '@jridgewell/set-array': [ '1.2.1' ],
48 silly audit   '@jridgewell/source-map': [ '0.3.6' ],
48 silly audit   '@jridgewell/sourcemap-codec': [ '1.5.0' ],
48 silly audit   '@jridgewell/trace-mapping': [ '0.3.25' ],
48 silly audit   '@leichtgewicht/ip-codec': [ '2.0.5' ],
48 silly audit   '@lukeed/csprng': [ '1.1.0' ],
48 silly audit   '@nodelib/fs.scandir': [ '2.1.5' ],
48 silly audit   '@nodelib/fs.stat': [ '2.0.5' ],
48 silly audit   '@nodelib/fs.walk': [ '1.2.8' ],
48 silly audit   '@pkgjs/parseargs': [ '0.11.0' ],
48 silly audit   '@tailwindcss/container-queries': [ '0.1.1' ],
48 silly audit   '@tailwindcss/typography': [ '0.5.16' ],
48 silly audit   '@trysound/sax': [ '0.2.0' ],
48 silly audit   '@types/babel__core': [ '7.20.5' ],
48 silly audit   '@types/babel__generator': [ '7.27.0' ],
48 silly audit   '@types/babel__template': [ '7.4.4' ],
48 silly audit   '@types/babel__traverse': [ '7.20.7' ],
48 silly audit   '@types/body-parser': [ '1.19.6' ],
48 silly audit   '@types/bonjour': [ '3.5.13' ],
48 silly audit   '@types/clean-css': [ '4.2.11' ],
48 silly audit   '@types/connect': [ '3.4.38' ],
48 silly audit   '@types/connect-history-api-fallback': [ '1.5.4' ],
48 silly audit   '@types/eslint': [ '9.6.1' ],
48 silly audit   '@types/eslint-scope': [ '3.7.7' ],
48 silly audit   '@types/estree': [ '1.0.8' ],
48 silly audit   '@types/express': [ '4.17.23' ],
48 silly audit   '@types/express-serve-static-core': [ '5.0.6', '4.19.6' ],
48 silly audit   '@types/glob': [ '7.2.0' ],
48 silly audit   '@types/http-errors': [ '2.0.5' ],
48 silly audit   '@types/http-proxy': [ '1.17.16' ],
48 silly audit   '@types/imagemin': [ '9.0.1' ],
48 silly audit   '@types/imagemin-gifsicle': [ '7.0.4' ],
48 silly audit   '@types/imagemin-mozjpeg': [ '8.0.4' ],
48 silly audit   '@types/imagemin-optipng': [ '5.2.4' ],
48 silly audit   '@types/imagemin-svgo': [ '8.0.1' ],
48 silly audit   '@types/json-schema': [ '7.0.15' ],
48 silly audit   '@types/mime': [ '1.3.5' ],
48 silly audit   '@types/minimatch': [ '5.1.2' ],
48 silly audit   '@types/node': [ '24.0.7' ],
48 silly audit   '@types/node-forge': [ '1.3.11' ],
48 silly audit   '@types/parse-json': [ '4.0.2' ],
48 silly audit   '@types/qs': [ '6.14.0' ],
48 silly audit   '@types/range-parser': [ '1.2.7' ],
48 silly audit   '@types/retry': [ '0.12.0' ],
48 silly audit   '@types/send': [ '0.17.5' ],
48 silly audit   '@types/serve-index': [ '1.9.4' ],
48 silly audit   '@types/serve-static': [ '1.15.8' ],
48 silly audit   '@types/sockjs': [ '0.3.36' ],
48 silly audit   '@types/svgo': [ '1.3.6' ],
48 silly audit   '@types/ws': [ '8.18.1' ],
48 silly audit   '@vue/compiler-core': [ '3.5.17' ],
48 silly audit   '@vue/compiler-dom': [ '3.5.17' ],
48 silly audit   '@vue/compiler-sfc': [ '3.5.17' ],
48 silly audit   '@vue/compiler-ssr': [ '3.5.17' ],
48 silly audit   '@vue/devtools-api': [ '6.6.4' ],
48 silly audit   '@vue/reactivity': [ '3.5.17' ],
48 silly audit   '@vue/runtime-core': [ '3.5.17' ],
48 silly audit   '@vue/runtime-dom': [ '3.5.17' ],
48 silly audit   '@vue/server-renderer': [ '3.5.17' ],
48 silly audit   '@vue/shared': [ '3.5.17' ],
48 silly audit   '@webassemblyjs/ast': [ '1.14.1' ],
48 silly audit   '@webassemblyjs/floating-point-hex-parser': [ '1.13.2' ],
48 silly audit   '@webassemblyjs/helper-api-error': [ '1.13.2' ],
48 silly audit   '@webassemblyjs/helper-buffer': [ '1.14.1' ],
48 silly audit   '@webassemblyjs/helper-numbers': [ '1.13.2' ],
48 silly audit   '@webassemblyjs/helper-wasm-bytecode': [ '1.13.2' ],
48 silly audit   '@webassemblyjs/helper-wasm-section': [ '1.14.1' ],
48 silly audit   '@webassemblyjs/ieee754': [ '1.13.2' ],
48 silly audit   '@webassemblyjs/leb128': [ '1.13.2' ],
48 silly audit   '@webassemblyjs/utf8': [ '1.13.2' ],
48 silly audit   '@webassemblyjs/wasm-edit': [ '1.14.1' ],
48 silly audit   '@webassemblyjs/wasm-gen': [ '1.14.1' ],
48 silly audit   '@webassemblyjs/wasm-opt': [ '1.14.1' ],
48 silly audit   '@webassemblyjs/wasm-parser': [ '1.14.1' ],
48 silly audit   '@webassemblyjs/wast-printer': [ '1.14.1' ],
48 silly audit   '@webpack-cli/configtest': [ '1.2.0' ],
48 silly audit   '@webpack-cli/info': [ '1.5.0' ],
48 silly audit   '@webpack-cli/serve': [ '1.7.0' ],
48 silly audit   '@xtuc/ieee754': [ '1.2.0' ],
48 silly audit   '@xtuc/long': [ '4.2.2' ],
48 silly audit   accepts: [ '1.3.8' ],
48 silly audit   negotiator: [ '0.6.3', '0.6.4' ],
48 silly audit   acorn: [ '8.15.0' ],
48 silly audit   ajv: [ '6.12.6', '8.17.1' ],
48 silly audit   'ajv-formats': [ '2.1.1' ],
48 silly audit   'json-schema-traverse': [ '1.0.0', '0.4.1' ],
48 silly audit   'ajv-keywords': [ '3.5.2', '5.1.0' ],
48 silly audit   'ansi-html-community': [ '0.0.8' ],
48 silly audit   'any-promise': [ '1.3.0' ],
48 silly audit   anymatch: [ '3.1.3' ],
48 silly audit   arg: [ '5.0.2' ],
48 silly audit   'array-flatten': [ '1.1.1' ],
48 silly audit   'array-union': [ '2.1.0' ],
48 silly audit   'asn1.js': [ '4.10.1' ],
48 silly audit   'bn.js': [ '4.12.2', '5.2.2' ],
48 silly audit   assert: [ '1.5.1' ],
48 silly audit   inherits: [ '2.0.3', '2.0.4' ],
48 silly audit   util: [ '0.10.4', '0.11.1' ],
48 silly audit   asynckit: [ '0.4.0' ],
48 silly audit   autoprefixer: [ '10.4.21' ],
48 silly audit   'available-typed-arrays': [ '1.0.7' ],
48 silly audit   axios: [ '1.10.0' ],
48 silly audit   'babel-loader': [ '8.4.1' ],
48 silly audit   'babel-plugin-polyfill-corejs2': [ '0.4.14' ],
48 silly audit   'babel-plugin-polyfill-corejs3': [ '0.11.1' ],
48 silly audit   'babel-plugin-polyfill-regenerator': [ '0.6.5' ],
48 silly audit   'balanced-match': [ '1.0.2' ],
48 silly audit   'base64-js': [ '1.5.1' ],
48 silly audit   batch: [ '0.6.1' ],
48 silly audit   'big.js': [ '5.2.2' ],
48 silly audit   'binary-extensions': [ '2.3.0' ],
48 silly audit   'body-parser': [ '1.20.3' ],
48 silly audit   debug: [ '2.6.9', '4.4.1' ],
48 silly audit   ms: [ '2.0.0', '2.1.3' ],
48 silly audit   qs: [ '6.13.0', '6.14.0' ],
48 silly audit   'bonjour-service': [ '1.3.0' ],
48 silly audit   boolbase: [ '1.0.0' ],
48 silly audit   'brace-expansion': [ '1.1.12', '2.0.2' ],
48 silly audit   braces: [ '3.0.3' ],
48 silly audit   brorand: [ '1.1.0' ],
48 silly audit   'browserify-aes': [ '1.2.0' ],
48 silly audit   'browserify-cipher': [ '1.0.1' ],
48 silly audit   'browserify-des': [ '1.0.2' ],
48 silly audit   'browserify-rsa': [ '4.1.1' ],
48 silly audit   'browserify-sign': [ '4.2.3' ],
48 silly audit   'browserify-zlib': [ '0.2.0' ],
48 silly audit   browserslist: [ '4.25.1' ],
48 silly audit   buffer: [ '4.9.2' ],
48 silly audit   'buffer-from': [ '1.1.2' ],
48 silly audit   'buffer-xor': [ '1.0.3' ],
48 silly audit   'builtin-status-codes': [ '3.0.0' ],
48 silly audit   bytes: [ '3.1.2' ],
48 silly audit   'call-bind': [ '1.0.8' ],
48 silly audit   'call-bind-apply-helpers': [ '1.0.2' ],
48 silly audit   'call-bound': [ '1.0.4' ],
48 silly audit   callsites: [ '3.1.0' ],
48 silly audit   'camel-case': [ '4.1.2' ],
48 silly audit   'camelcase-css': [ '2.0.1' ],
48 silly audit   'caniuse-api': [ '3.0.0' ],
48 silly audit   'caniuse-lite': [ '1.0.30001726' ],
48 silly audit   chalk: [ '4.1.2' ],
48 silly audit   charenc: [ '0.0.2' ],
48 silly audit   chokidar: [ '3.6.0' ],
48 silly audit   'chrome-trace-event': [ '1.0.4' ],
48 silly audit   'cipher-base': [ '1.0.6' ],
48 silly audit   'clean-css': [ '5.3.3', '4.2.4' ],
48 silly audit   'cli-table3': [ '0.6.5' ],
48 silly audit   cliui: [ '8.0.1' ],
48 silly audit   'clone-deep': [ '4.0.1' ],
48 silly audit   'collect.js': [ '4.36.1' ],
48 silly audit   'color-convert': [ '2.0.1' ],
48 silly audit   'color-name': [ '1.1.4' ],
48 silly audit   colord: [ '2.9.3' ],
48 silly audit   colorette: [ '2.0.20' ],
48 silly audit   'combined-stream': [ '1.0.8' ],
48 silly audit   commander: [ '7.2.0', '2.20.3', '4.1.1' ],
48 silly audit   commondir: [ '1.0.1' ],
48 silly audit   compressible: [ '2.0.18' ],
48 silly audit   compression: [ '1.8.0' ],
48 silly audit   concat: [ '1.0.3' ],
48 silly audit   'concat-map': [ '0.0.1' ],
48 silly audit   'connect-history-api-fallback': [ '2.0.0' ],
48 silly audit   consola: [ '2.15.3' ],
48 silly audit   'console-browserify': [ '1.2.0' ],
48 silly audit   'constants-browserify': [ '1.0.0' ],
48 silly audit   'content-disposition': [ '0.5.4' ],
48 silly audit   'content-type': [ '1.0.5' ],
48 silly audit   'convert-source-map': [ '2.0.0' ],
48 silly audit   cookie: [ '0.7.1' ],
48 silly audit   'cookie-signature': [ '1.0.6' ],
48 silly audit   'core-js-compat': [ '3.43.0' ],
48 silly audit   'core-util-is': [ '1.0.3' ],
48 silly audit   cosmiconfig: [ '7.1.0' ],
48 silly audit   'create-ecdh': [ '4.0.4' ],
48 silly audit   'create-hash': [ '1.2.0', '1.1.3' ],
48 silly audit   'create-hmac': [ '1.1.7' ],
48 silly audit   'cross-spawn': [ '7.0.6' ],
48 silly audit   crypt: [ '0.0.2' ],
48 silly audit   'crypto-browserify': [ '3.12.1' ],
48 silly audit   'css-declaration-sorter': [ '6.4.1' ],
48 silly audit   'css-loader': [ '5.2.7' ],
48 silly audit   'schema-utils': [ '3.3.0', '2.7.1', '4.3.2' ],
48 silly audit   'css-select': [ '4.3.0' ],
48 silly audit   domhandler: [ '4.3.1', '3.3.0' ],
48 silly audit   'css-tree': [ '1.1.3' ],
48 silly audit   'css-what': [ '6.2.2' ],
48 silly audit   cssesc: [ '3.0.0' ],
48 silly audit   cssnano: [ '5.1.15' ],
48 silly audit   'cssnano-preset-default': [ '5.2.14' ],
48 silly audit   'cssnano-utils': [ '3.1.0' ],
48 silly audit   csso: [ '4.2.0' ],
48 silly audit   csstype: [ '3.1.3' ],
48 silly audit   'default-gateway': [ '6.0.3' ],
48 silly audit   'define-data-property': [ '1.1.4' ],
48 silly audit   'define-lazy-prop': [ '2.0.0' ],
48 silly audit   'define-properties': [ '1.2.1' ],
48 silly audit   'delayed-stream': [ '1.0.0' ],
48 silly audit   depd: [ '2.0.0', '1.1.2' ],
48 silly audit   'des.js': [ '1.1.0' ],
48 silly audit   destroy: [ '1.2.0' ],
48 silly audit   'detect-node': [ '2.1.0' ],
48 silly audit   didyoumean: [ '1.2.2' ],
48 silly audit   'diffie-hellman': [ '5.0.3' ],
48 silly audit   'dir-glob': [ '3.0.1' ],
48 silly audit   dlv: [ '1.1.3' ],
48 silly audit   'dns-packet': [ '5.6.1' ],
48 silly audit   'dom-serializer': [ '1.4.1' ],
48 silly audit   entities: [ '2.2.0', '4.5.0' ],
48 silly audit   'domain-browser': [ '1.2.0' ],
48 silly audit   domelementtype: [ '2.3.0' ],
48 silly audit   domutils: [ '2.8.0' ],
48 silly audit   'dot-case': [ '3.0.4' ],
48 silly audit   dotenv: [ '10.0.0' ],
48 silly audit   'dotenv-expand': [ '5.1.0' ],
48 silly audit   'dunder-proto': [ '1.0.1' ],
48 silly audit   eastasianwidth: [ '0.2.0' ],
48 silly audit   'ee-first': [ '1.1.1' ],
48 silly audit   'electron-to-chromium': [ '1.5.177' ],
48 silly audit   elliptic: [ '6.6.1' ],
48 silly audit   'emojis-list': [ '3.0.0' ],
48 silly audit   encodeurl: [ '2.0.0', '1.0.2' ],
48 silly audit   'enhanced-resolve': [ '5.18.2' ],
48 silly audit   envinfo: [ '7.14.0' ],
48 silly audit   'error-ex': [ '1.3.2' ],
48 silly audit   'es-define-property': [ '1.0.1' ],
48 silly audit   'es-errors': [ '1.3.0' ],
48 silly audit   'es-module-lexer': [ '1.7.0' ],
48 silly audit   'es-object-atoms': [ '1.1.1' ],
48 silly audit   'es-set-tostringtag': [ '2.1.0' ],
48 silly audit   'es-toolkit': [ '1.39.5' ],
48 silly audit   escalade: [ '3.2.0' ],
48 silly audit   'escape-html': [ '1.0.3' ],
48 silly audit   'eslint-scope': [ '5.1.1' ],
48 silly audit   esrecurse: [ '4.3.0' ],
48 silly audit   estraverse: [ '5.3.0', '4.3.0' ],
48 silly audit   'estree-walker': [ '2.0.2' ],
48 silly audit   esutils: [ '2.0.3' ],
48 silly audit   etag: [ '1.8.1' ],
48 silly audit   eventemitter3: [ '4.0.7' ],
48 silly audit   events: [ '3.3.0' ],
48 silly audit   evp_bytestokey: [ '1.0.3' ],
48 silly audit   execa: [ '5.1.1' ],
48 silly audit   express: [ '4.21.2' ],
48 silly audit   'fast-deep-equal': [ '3.1.3' ],
48 silly audit   'fast-glob': [ '3.3.3' ],
48 silly audit   'fast-json-stable-stringify': [ '2.1.0' ],
48 silly audit   'fast-uri': [ '3.0.6' ],
48 silly audit   'fastest-levenshtein': [ '1.0.16' ],
48 silly audit   fastq: [ '1.19.1' ],
48 silly audit   'faye-websocket': [ '0.11.4' ],
48 silly audit   'file-loader': [ '6.2.0' ],
48 silly audit   'file-type': [ '12.4.2' ],
48 silly audit   'fill-range': [ '7.1.1' ],
48 silly audit   finalhandler: [ '1.3.1' ],
48 silly audit   'find-cache-dir': [ '3.3.2' ],
48 silly audit   'find-up': [ '4.1.0' ],
48 silly audit   flat: [ '5.0.2' ],
48 silly audit   'follow-redirects': [ '1.15.9' ],
48 silly audit   'for-each': [ '0.3.5' ],
48 silly audit   'foreground-child': [ '3.3.1' ],
48 silly audit   'signal-exit': [ '4.1.0', '3.0.7' ],
48 silly audit   'form-data': [ '4.0.3' ],
48 silly audit   forwarded: [ '0.2.0' ],
48 silly audit   'fraction.js': [ '4.3.7' ],
48 silly audit   fresh: [ '0.5.2' ],
48 silly audit   'fs-extra': [ '10.1.0' ],
48 silly audit   'fs-monkey': [ '1.0.6' ],
48 silly audit   'fs.realpath': [ '1.0.0' ],
48 silly audit   fsevents: [ '2.3.3' ],
48 silly audit   'function-bind': [ '1.1.2' ],
48 silly audit   gensync: [ '1.0.0-beta.2' ],
48 silly audit   'get-caller-file': [ '2.0.5' ],
48 silly audit   'get-intrinsic': [ '1.3.0' ],
48 silly audit   'get-proto': [ '1.0.1' ],
48 silly audit   'get-stream': [ '6.0.1' ],
48 silly audit   glob: [ '7.2.3', '10.4.5' ],
48 silly audit   'glob-parent': [ '5.1.2', '6.0.2' ],
48 silly audit   'glob-to-regexp': [ '0.4.1' ],
48 silly audit   globals: [ '11.12.0' ],
48 silly audit   globby: [ '10.0.2' ],
48 silly audit   gopd: [ '1.2.0' ],
48 silly audit   'graceful-fs': [ '4.2.11' ],
48 silly audit   growly: [ '1.3.0' ],
48 silly audit   'handle-thing': [ '2.0.1' ],
48 silly audit   'has-flag': [ '4.0.0' ],
48 silly audit   'has-property-descriptors': [ '1.0.2' ],
48 silly audit   'has-symbols': [ '1.1.0' ],
48 silly audit   'has-tostringtag': [ '1.0.2' ],
48 silly audit   'hash-base': [ '3.0.5', '2.0.2' ],
48 silly audit   'hash-sum': [ '2.0.0', '1.0.2' ],
48 silly audit   'hash.js': [ '1.1.7' ],
48 silly audit   hasown: [ '2.0.2' ],
48 silly audit   he: [ '1.2.0' ],
48 silly audit   'hmac-drbg': [ '1.0.1' ],
48 silly audit   'hpack.js': [ '2.1.6' ],
48 silly audit   'html-entities': [ '2.6.0' ],
48 silly audit   'html-loader': [ '1.3.2' ],
48 silly audit   'html-minifier-terser': [ '5.1.1' ],
48 silly audit   terser: [ '4.8.1', '5.43.1' ],
48 silly audit   htmlparser2: [ '4.1.0' ],
48 silly audit   'http-deceiver': [ '1.2.7' ],
48 silly audit   'http-errors': [ '2.0.0', '1.6.3' ],
48 silly audit   'http-parser-js': [ '0.5.10' ],
48 silly audit   'http-proxy': [ '1.18.1' ],
48 silly audit   'http-proxy-middleware': [ '2.0.9' ],
48 silly audit   'https-browserify': [ '1.0.0' ],
48 silly audit   'human-signals': [ '2.1.0' ],
48 silly audit   'iconv-lite': [ '0.4.24' ],
48 silly audit   'icss-utils': [ '5.1.0' ],
48 silly audit   ieee754: [ '1.2.1' ],
48 silly audit   ignore: [ '5.3.2' ],
48 silly audit   imagemin: [ '7.0.1' ],
48 silly audit   'img-loader': [ '4.0.0' ],
48 silly audit   json5: [ '1.0.2', '2.2.3' ],
48 silly audit   'loader-utils': [ '1.4.2', '2.0.4' ],
48 silly audit   'import-fresh': [ '3.3.1' ],
48 silly audit   'import-local': [ '3.2.0' ],
48 silly audit   inflight: [ '1.0.6' ],
48 silly audit   interpret: [ '2.2.0' ],
48 silly audit   'ipaddr.js': [ '2.2.0', '1.9.1' ],
48 silly audit   'is-arrayish': [ '0.2.1' ],
48 silly audit   'is-binary-path': [ '2.1.0' ],
48 silly audit   'is-buffer': [ '1.1.6' ],
48 silly audit   'is-callable': [ '1.2.7' ],
48 silly audit   'is-core-module': [ '2.16.1' ],
48 silly audit   'is-docker': [ '2.2.1' ],
48 silly audit   'is-extglob': [ '2.1.1' ],
48 silly audit   'is-fullwidth-code-point': [ '3.0.0' ],
48 silly audit   'is-glob': [ '4.0.3' ],
48 silly audit   'is-number': [ '7.0.0' ],
48 silly audit   'is-plain-obj': [ '3.0.0' ],
48 silly audit   'is-plain-object': [ '2.0.4' ],
48 silly audit   'is-stream': [ '2.0.1' ],
48 silly audit   'is-typed-array': [ '1.1.15' ],
48 silly audit   'is-wsl': [ '2.2.0' ],
48 silly audit   isarray: [ '1.0.0', '2.0.5' ],
48 silly audit   isexe: [ '2.0.0' ],
48 silly audit   isobject: [ '3.0.1' ],
48 silly audit   jackspeak: [ '3.4.3' ],
48 silly audit   'jest-worker': [ '27.5.1' ],
48 silly audit   'supports-color': [ '8.1.1', '7.2.0' ],
48 silly audit   jiti: [ '1.21.7' ],
48 silly audit   'js-tokens': [ '4.0.0' ],
48 silly audit   jsesc: [ '3.1.0', '3.0.2' ],
48 silly audit   'json-parse-even-better-errors': [ '2.3.1' ],
48 silly audit   jsonfile: [ '6.1.0' ],
48 silly audit   junk: [ '3.1.0' ],
48 silly audit   'kind-of': [ '6.0.3' ],
48 silly audit   klona: [ '2.0.6' ],
48 silly audit   'laravel-mix': [ '6.0.49' ],
48 silly audit   'launch-editor': [ '2.10.0' ],
48 silly audit   lilconfig: [ '2.1.0', '3.1.3' ],
48 silly audit   'lines-and-columns': [ '1.2.4' ],
48 silly audit   'loader-runner': [ '4.3.0' ],
48 silly audit   'locate-path': [ '5.0.0' ],
48 silly audit   lodash: [ '4.17.21' ],
48 silly audit   'lodash.castarray': [ '4.4.0' ],
48 silly audit   'lodash.debounce': [ '4.0.8' ],
48 silly audit   'lodash.isplainobject': [ '4.0.6' ],
48 silly audit   'lodash.memoize': [ '4.1.2' ],
48 silly audit   'lodash.merge': [ '4.6.2' ],
48 silly audit   'lodash.uniq': [ '4.5.0' ],
48 silly audit   'lower-case': [ '2.0.2' ],
48 silly audit   'lru-cache': [ '5.1.1', '10.4.3' ],
48 silly audit   'magic-string': [ '0.30.17' ],
48 silly audit   'make-dir': [ '3.1.0' ],
48 silly audit   'math-intrinsics': [ '1.1.0' ],
48 silly audit   md5: [ '2.3.0' ],
48 silly audit   'md5.js': [ '1.3.5' ],
48 silly audit   'mdn-data': [ '2.0.14' ],
48 silly audit   'media-typer': [ '0.3.0' ],
48 silly audit   memfs: [ '3.5.3' ],
48 silly audit   'merge-descriptors': [ '1.0.3' ],
48 silly audit   'merge-stream': [ '2.0.0' ],
48 silly audit   merge2: [ '1.4.1' ],
48 silly audit   methods: [ '1.1.2' ],
48 silly audit   micromatch: [ '4.0.8' ],
48 silly audit   'miller-rabin': [ '4.0.1' ],
48 silly audit   mime: [ '1.6.0' ],
48 silly audit   'mime-db': [ '1.52.0' ],
48 silly audit   'mime-types': [ '2.1.35' ],
48 silly audit   'mimic-fn': [ '2.1.0' ],
48 silly audit   'mini-css-extract-plugin': [ '1.6.2' ],
48 silly audit   'minimalistic-assert': [ '1.0.1' ],
48 silly audit   'minimalistic-crypto-utils': [ '1.0.1' ],
48 silly audit   minimatch: [ '3.1.2', '9.0.5' ],
48 silly audit   minimist: [ '1.2.8' ],
48 silly audit   minipass: [ '7.1.2' ],
48 silly audit   'multicast-dns': [ '7.2.5' ],
48 silly audit   mz: [ '2.7.0' ],
48 silly audit   nanoid: [ '3.3.11' ],
48 silly audit   'neo-async': [ '2.6.2' ],
48 silly audit   'no-case': [ '3.0.4' ],
48 silly audit   'node-forge': [ '1.3.1' ],
48 silly audit   'node-libs-browser': [ '2.2.1' ],
48 silly audit   'node-notifier': [ '9.0.1' ],
48 silly audit   'node-releases': [ '2.0.19' ],
48 silly audit   'normalize-path': [ '3.0.0' ],
48 silly audit   'normalize-range': [ '0.1.2' ],
48 silly audit   'normalize-url': [ '6.1.0' ],
48 silly audit   'npm-run-path': [ '4.0.1' ],
48 silly audit   'nth-check': [ '2.1.1' ],
48 silly audit   'object-assign': [ '4.1.1' ],
48 silly audit   'object-hash': [ '3.0.0' ],
48 silly audit   'object-inspect': [ '1.13.4' ],
48 silly audit   'object-keys': [ '1.1.1' ],
48 silly audit   'object.assign': [ '4.1.7' ],
48 silly audit   obuf: [ '1.1.2' ],
48 silly audit   'on-finished': [ '2.4.1' ],
48 silly audit   'on-headers': [ '1.0.2' ],
48 silly audit   once: [ '1.4.0' ],
48 silly audit   onetime: [ '5.1.2' ],
48 silly audit   open: [ '8.4.2' ],
48 silly audit   'os-browserify': [ '0.3.0' ],
48 silly audit   'p-limit': [ '2.3.0' ],
48 silly audit   'p-locate': [ '4.1.0' ],
48 silly audit   'p-pipe': [ '3.1.0' ],
48 silly audit   'p-retry': [ '4.6.2' ],
48 silly audit   'p-try': [ '2.2.0' ],
48 silly audit   'package-json-from-dist': [ '1.0.1' ],
48 silly audit   pako: [ '1.0.11' ],
48 silly audit   'param-case': [ '3.0.4' ],
48 silly audit   'parent-module': [ '1.0.1' ],
48 silly audit   'parse-asn1': [ '5.1.7' ],
48 silly audit   'parse-json': [ '5.2.0' ],
48 silly audit   parseurl: [ '1.3.3' ],
48 silly audit   'pascal-case': [ '3.1.2' ],
48 silly audit   'path-browserify': [ '0.0.1' ],
48 silly audit   'path-exists': [ '4.0.0' ],
48 silly audit   'path-is-absolute': [ '1.0.1' ],
48 silly audit   'path-key': [ '3.1.1' ],
48 silly audit   'path-parse': [ '1.0.7' ],
48 silly audit   'path-scurry': [ '1.11.1' ],
48 silly audit   'path-to-regexp': [ '0.1.12' ],
48 silly audit   'path-type': [ '4.0.0' ],
48 silly audit   pbkdf2: [ '3.1.3' ],
48 silly audit   ripemd160: [ '2.0.1', '2.0.2' ],
48 silly audit   picocolors: [ '1.1.1' ],
48 silly audit   picomatch: [ '2.3.1' ],
48 silly audit   pify: [ '2.3.0' ],
48 silly audit   pirates: [ '4.0.7' ],
48 silly audit   'pkg-dir': [ '4.2.0' ],
48 silly audit   'possible-typed-array-names': [ '1.1.0' ],
48 silly audit   postcss: [ '8.5.6' ],
48 silly audit   'postcss-calc': [ '8.2.4' ],
48 silly audit   'postcss-colormin': [ '5.3.1' ],
48 silly audit   'postcss-convert-values': [ '5.1.3' ],
48 silly audit   'postcss-discard-comments': [ '5.1.2' ],
48 silly audit   'postcss-discard-duplicates': [ '5.1.0' ],
48 silly audit   'postcss-discard-empty': [ '5.1.1' ],
48 silly audit   'postcss-discard-overridden': [ '5.1.0' ],
48 silly audit   'postcss-import': [ '14.1.0', '15.1.0' ],
48 silly audit   'postcss-js': [ '4.0.1' ],
48 silly audit   'postcss-load-config': [ '3.1.4', '4.0.2' ],
48 silly audit   'postcss-loader': [ '6.2.1' ],
48 silly audit   'postcss-merge-longhand': [ '5.1.7' ],
48 silly audit   'postcss-merge-rules': [ '5.1.4' ],
48 silly audit   'postcss-minify-font-values': [ '5.1.0' ],
48 silly audit   'postcss-minify-gradients': [ '5.1.1' ],
48 silly audit   'postcss-minify-params': [ '5.1.4' ],
48 silly audit   'postcss-minify-selectors': [ '5.2.1' ],
48 silly audit   'postcss-modules-extract-imports': [ '3.1.0' ],
48 silly audit   'postcss-modules-local-by-default': [ '4.2.0' ],
48 silly audit   'postcss-selector-parser': [ '7.1.0', '6.1.2', '6.0.10' ],
48 silly audit   'postcss-modules-scope': [ '3.2.1' ],
48 silly audit   'postcss-modules-values': [ '4.0.0' ],
48 silly audit   'postcss-nested': [ '6.2.0' ],
48 silly audit   'postcss-normalize-charset': [ '5.1.0' ],
48 silly audit   'postcss-normalize-display-values': [ '5.1.0' ],
48 silly audit   'postcss-normalize-positions': [ '5.1.1' ],
48 silly audit   'postcss-normalize-repeat-style': [ '5.1.1' ],
48 silly audit   'postcss-normalize-string': [ '5.1.0' ],
48 silly audit   'postcss-normalize-timing-functions': [ '5.1.0' ],
48 silly audit   'postcss-normalize-unicode': [ '5.1.1' ],
48 silly audit   'postcss-normalize-url': [ '5.1.0' ],
48 silly audit   'postcss-normalize-whitespace': [ '5.1.1' ],
48 silly audit   'postcss-ordered-values': [ '5.1.3' ],
48 silly audit   'postcss-reduce-initial': [ '5.1.2' ],
48 silly audit   'postcss-reduce-transforms': [ '5.1.0' ],
48 silly audit   'postcss-svgo': [ '5.1.0' ],
48 silly audit   'postcss-unique-selectors': [ '5.1.1' ],
48 silly audit   'postcss-value-parser': [ '4.2.0' ],
48 silly audit   prettier: [ '3.6.2' ],
48 silly audit   'prettier-plugin-tailwindcss': [ '0.5.14' ],
48 silly audit   'pretty-time': [ '1.1.0' ],
48 silly audit   process: [ '0.11.10' ],
48 silly audit   'process-nextick-args': [ '2.0.1' ],
48 silly audit   'proxy-addr': [ '2.0.7' ],
48 silly audit   'proxy-from-env': [ '1.1.0' ],
48 silly audit   'public-encrypt': [ '4.0.3' ],
48 silly audit   punycode: [ '1.4.1', '2.3.1' ],
48 silly audit   'querystring-es3': [ '0.2.1' ],
48 silly audit   'queue-microtask': [ '1.2.3' ],
48 silly audit   randombytes: [ '2.1.0' ],
48 silly audit   randomfill: [ '1.0.4' ],
48 silly audit   'range-parser': [ '1.2.1' ],
48 silly audit   'raw-body': [ '2.5.2' ],
48 silly audit   'read-cache': [ '1.0.0' ],
48 silly audit   'readable-stream': [ '2.3.8', '3.6.2' ],
48 silly audit   'safe-buffer': [ '5.1.2', '5.2.1' ],
48 silly audit   string_decoder: [ '1.1.1', '1.3.0' ],
48 silly audit   readdirp: [ '3.6.0' ],
48 silly audit   rechoir: [ '0.7.1' ],
48 silly audit   regenerate: [ '1.4.2' ],
48 silly audit   'regenerate-unicode-properties': [ '10.2.0' ],
48 silly audit   'regexpu-core': [ '6.2.0' ],
48 silly audit   regjsgen: [ '0.8.0' ],
48 silly audit   regjsparser: [ '0.12.0' ],
48 silly audit   relateurl: [ '0.2.7' ],
48 silly audit   'replace-ext': [ '1.0.1' ],
48 silly audit   'require-directory': [ '2.1.1' ],
48 silly audit   'require-from-string': [ '2.0.2' ],
48 silly audit   'requires-port': [ '1.0.0' ],
48 silly audit   resolve: [ '1.22.10' ],
48 silly audit   'resolve-cwd': [ '3.0.0' ],
48 silly audit   'resolve-from': [ '5.0.0', '4.0.0' ],
48 silly audit   retry: [ '0.13.1' ],
48 silly audit   reusify: [ '1.1.0' ],
48 silly audit   rimraf: [ '3.0.2' ],
48 silly audit   'run-parallel': [ '1.2.0' ],
48 silly audit   'safer-buffer': [ '2.1.2' ],
48 silly audit   'select-hose': [ '2.0.0' ],
48 silly audit   selfsigned: [ '2.4.1' ],
48 silly audit   send: [ '0.19.0' ],
48 silly audit   'serialize-javascript': [ '6.0.2' ],
48 silly audit   'serve-index': [ '1.9.1' ],
48 silly audit   setprototypeof: [ '1.1.0', '1.2.0' ],
48 silly audit   statuses: [ '1.5.0', '2.0.1' ],
48 silly audit   'serve-static': [ '1.16.2' ],
48 silly audit   'set-function-length': [ '1.2.2' ],
48 silly audit   setimmediate: [ '1.0.5' ],
48 silly audit   'sha.js': [ '2.4.11' ],
48 silly audit   'shallow-clone': [ '3.0.1' ],
48 silly audit   'shebang-command': [ '2.0.0' ],
48 silly audit   'shebang-regex': [ '3.0.0' ],
48 silly audit   'shell-quote': [ '1.8.3' ],
48 silly audit   shellwords: [ '0.1.1' ],
48 silly audit   'side-channel': [ '1.1.0' ],
48 silly audit   'side-channel-list': [ '1.0.0' ],
48 silly audit   'side-channel-map': [ '1.0.1' ],
48 silly audit   'side-channel-weakmap': [ '1.0.2' ],
48 silly audit   slash: [ '3.0.0' ],
48 silly audit   sockjs: [ '0.3.24' ],
48 silly audit   'source-list-map': [ '2.0.1' ],
48 silly audit   'source-map': [ '0.6.1' ],
48 silly audit   'source-map-js': [ '1.2.1' ],
48 silly audit   'source-map-support': [ '0.5.21' ],
48 silly audit   spdy: [ '4.0.2' ],
48 silly audit   'spdy-transport': [ '3.0.0' ],
48 silly audit   stable: [ '0.1.8' ],
48 silly audit   'std-env': [ '3.9.0' ],
48 silly audit   'stream-browserify': [ '2.0.2' ],
48 silly audit   'stream-http': [ '2.8.3' ],
48 silly audit   'strip-final-newline': [ '2.0.0' ],
48 silly audit   'style-loader': [ '2.0.0' ],
48 silly audit   stylehacks: [ '5.1.1' ],
48 silly audit   sucrase: [ '3.35.0' ],
48 silly audit   'supports-preserve-symlinks-flag': [ '1.0.0' ],
48 silly audit   svgo: [ '2.8.0' ],
48 silly audit   tailwindcss: [ '3.4.17' ],
48 silly audit   yaml: [ '2.8.0', '1.10.2' ],
48 silly audit   tapable: [ '2.2.2' ],
48 silly audit   'terser-webpack-plugin': [ '5.3.14' ],
48 silly audit   thenify: [ '3.3.1' ],
48 silly audit   'thenify-all': [ '1.6.0' ],
48 silly audit   thunky: [ '1.1.0' ],
48 silly audit   'timers-browserify': [ '2.0.12' ],
48 silly audit   'to-arraybuffer': [ '1.0.1' ],
48 silly audit   'to-buffer': [ '1.2.1' ],
48 silly audit   'to-regex-range': [ '5.0.1' ],
48 silly audit   toidentifier: [ '1.0.1' ],
48 silly audit   'ts-interface-checker': [ '0.1.13' ],
48 silly audit   tslib: [ '2.8.1' ],
48 silly audit   'tty-browserify': [ '0.0.0' ],
48 silly audit   'type-is': [ '1.6.18' ],
48 silly audit   'typed-array-buffer': [ '1.0.3' ],
48 silly audit   uid: [ '2.0.2' ],
48 silly audit   'undici-types': [ '7.8.0' ],
48 silly audit   'unicode-canonical-property-names-ecmascript': [ '2.0.1' ],
48 silly audit   'unicode-match-property-ecmascript': [ '2.0.0' ],
48 silly audit   'unicode-match-property-value-ecmascript': [ '2.2.0' ],
48 silly audit   'unicode-property-aliases-ecmascript': [ '2.1.0' ],
48 silly audit   universalify: [ '2.0.1' ],
48 silly audit   unpipe: [ '1.0.0' ],
48 silly audit   'update-browserslist-db': [ '1.1.3' ],
48 silly audit   'uri-js': [ '4.4.1' ],
48 silly audit   url: [ '0.11.4' ],
48 silly audit   'util-deprecate': [ '1.0.2' ],
48 silly audit   'utils-merge': [ '1.0.1' ],
48 silly audit   uuid: [ '8.3.2' ],
48 silly audit   vary: [ '1.1.2' ],
48 silly audit   'vm-browserify': [ '1.1.2' ],
48 silly audit   vue: [ '3.5.17' ],
48 silly audit   'vue-loader': [ '17.4.2' ],
48 silly audit   'vue-style-loader': [ '4.1.3' ],
48 silly audit   vuex: [ '4.1.0' ],
48 silly audit   watchpack: [ '2.4.4' ],
48 silly audit   wbuf: [ '1.7.3' ],
48 silly audit   webpack: [ '5.99.9' ],
48 silly audit   'webpack-cli': [ '4.10.0' ],
48 silly audit   'webpack-dev-middleware': [ '5.3.4' ],
48 silly audit   'webpack-dev-server': [ '4.15.2' ],
48 silly audit   'webpack-merge': [ '5.10.0' ],
48 silly audit   'webpack-notifier': [ '1.15.0' ],
48 silly audit   'webpack-sources': [ '1.4.3', '3.3.3' ],
48 silly audit   webpackbar: [ '5.0.2' ],
48 silly audit   'websocket-driver': [ '0.7.4' ],
48 silly audit   'websocket-extensions': [ '0.1.4' ],
48 silly audit   which: [ '2.0.2' ],
48 silly audit   'which-typed-array': [ '1.1.19' ],
48 silly audit   wildcard: [ '2.0.1' ],
48 silly audit   wrappy: [ '1.0.2' ],
48 silly audit   ws: [ '8.18.3' ],
48 silly audit   xtend: [ '4.0.2' ],
48 silly audit   y18n: [ '5.0.8' ],
48 silly audit   yallist: [ '3.1.1' ],
48 silly audit   yargs: [ '17.7.2' ],
48 silly audit   'yargs-parser': [ '21.1.1' ]
48 silly audit }
49 verbose reify failed optional dependency /var/www/nova-components/WelcomePage/node_modules/fsevents
50 silly reify mark deleted [ '/var/www/nova-components/WelcomePage/node_modules/fsevents' ]
51 timing reifyNode:node_modules/fsevents Completed in 19ms
52 timing reify:unpack Completed in 19ms
53 timing reify:unretire Completed in 0ms
54 timing build:queue Completed in 2ms
55 timing build:deps Completed in 2ms
56 timing build Completed in 2ms
57 timing reify:build Completed in 2ms
58 timing reify:trash Completed in 1ms
59 timing reify:save Completed in 58ms
60 http fetch POST 200 https://registry.npmjs.org/-/npm/v1/security/advisories/bulk 405ms
61 timing auditReport:getReport Completed in 411ms
62 silly audit report {
62 silly audit report   'webpack-dev-server': [
62 silly audit report     {
62 silly audit report       id: 1105256,
62 silly audit report       url: 'https://github.com/advisories/GHSA-9jgg-88mc-972h',
62 silly audit report       title: "webpack-dev-server users' source code may be stolen when they access a malicious web site with non-Chromium based browser",
62 silly audit report       severity: 'moderate',
62 silly audit report       vulnerable_versions: '<=5.2.0',
62 silly audit report       cwe: [Array],
62 silly audit report       cvss: [Object]
62 silly audit report     },
62 silly audit report     {
62 silly audit report       id: 1105257,
62 silly audit report       url: 'https://github.com/advisories/GHSA-4v9v-hfq4-rm2v',
62 silly audit report       title: "webpack-dev-server users' source code may be stolen when they access a malicious web site",
62 silly audit report       severity: 'moderate',
62 silly audit report       vulnerable_versions: '<=5.2.0',
62 silly audit report       cwe: [Array],
62 silly audit report       cvss: [Object]
62 silly audit report     }
62 silly audit report   ]
62 silly audit report }
63 timing metavuln:cache:get:security-advisory:webpack-dev-server:puhljcRntNlKhY0rTSto+zi31YOKastUQmvjyoKmDPVNVEqQcqVcjyYJCIa0t/JsSwbDYktSwzSNqVW8Px/nEA== Completed in 5ms
64 timing metavuln:cache:get:security-advisory:webpack-dev-server:Z7AjNusKl1CgBZPCPTItg7KHh+BhgGHeWH0S+sBeqHqZs6dIK6PrrIf3i8QOPOIxSjzxXTMcMmEB2czw7D5FmQ== Completed in 7ms
65 http fetch GET 200 https://registry.npmjs.org/webpack-dev-server 13ms (cache hit)
66 timing metavuln:packument:webpack-dev-server Completed in 18ms
67 timing metavuln:load:security-advisory:webpack-dev-server:1105256 Completed in 2ms
68 timing metavuln:calculate:security-advisory:webpack-dev-server:1105256 Completed in 21ms
69 timing metavuln:load:security-advisory:webpack-dev-server:1105257 Completed in 1ms
70 timing metavuln:calculate:security-advisory:webpack-dev-server:1105257 Completed in 21ms
71 timing metavuln:cache:get:security-advisory:laravel-mix:rmyt/dcDmzHkQSeFDiLUgpq8+bnb3u+WzbTh8HKho/MWJMON3+UjRxJERVyQA79TPdYZndbL91wrkbNHgzqj0Q== Completed in 3ms
72 http fetch GET 200 https://registry.npmjs.org/laravel-mix 5ms (cache hit)
73 timing metavuln:packument:laravel-mix Completed in 9ms
74 timing metavuln:load:security-advisory:laravel-mix:Z7AjNusKl1CgBZPCPTItg7KHh+BhgGHeWH0S+sBeqHqZs6dIK6PrrIf3i8QOPOIxSjzxXTMcMmEB2czw7D5FmQ== Completed in 1ms
75 timing metavuln:calculate:security-advisory:laravel-mix:Z7AjNusKl1CgBZPCPTItg7KHh+BhgGHeWH0S+sBeqHqZs6dIK6PrrIf3i8QOPOIxSjzxXTMcMmEB2czw7D5FmQ== Completed in 10ms
76 timing metavuln:cache:get:security-advisory:laravel-nova-devtool:+y4TzYkbsTz76yh+m4UJCZ/fhsGaHw7HUns89Fi8iAZ++AOZk70Z2UPqX52qOFBtia79SXYhVgetfEhcRVM5Cw== Completed in 3ms
77 http fetch GET 404 https://registry.npmjs.org/laravel-nova-devtool 39ms (cache skip)
78 http fetch GET 404 https://registry.npmjs.org/laravel-nova-devtool 46ms (cache skip)
79 timing metavuln:packument:laravel-nova-devtool Completed in 85ms
80 timing metavuln:load:security-advisory:laravel-nova-devtool:rmyt/dcDmzHkQSeFDiLUgpq8+bnb3u+WzbTh8HKho/MWJMON3+UjRxJERVyQA79TPdYZndbL91wrkbNHgzqj0Q== Completed in 0ms
81 timing metavuln:calculate:security-advisory:laravel-nova-devtool:rmyt/dcDmzHkQSeFDiLUgpq8+bnb3u+WzbTh8HKho/MWJMON3+UjRxJERVyQA79TPdYZndbL91wrkbNHgzqj0Q== Completed in 85ms
82 timing auditReport:init Completed in 118ms
83 timing reify:audit Completed in 531ms
84 timing reify Completed in 860ms
85 silly ADD
86 timing command:install Completed in 872ms
87 verbose exit 0
88 timing npm Completed in 891ms
89 info ok
